\BOOKMARK [1][-]{section.1}{Overview}{}% 1
\BOOKMARK [1][-]{section.2}{Introduction}{}% 2
\BOOKMARK [1][-]{section.3}{Background}{}% 3
\BOOKMARK [2][-]{subsection.3.1}{Overview}{section.3}% 4
\BOOKMARK [2][-]{subsection.3.2}{Applications}{section.3}% 5
\BOOKMARK [2][-]{subsection.3.3}{Scanning and Image Processing}{section.3}% 6
\BOOKMARK [3][-]{subsubsection.3.3.1}{Segmentation}{subsection.3.3}% 7
\BOOKMARK [3][-]{subsubsection.3.3.2}{Contour Finding}{subsection.3.3}% 8
\BOOKMARK [3][-]{subsubsection.3.3.3}{Contour Interpolation}{subsection.3.3}% 9
\BOOKMARK [2][-]{subsection.3.4}{Typical Methods}{section.3}% 10
\BOOKMARK [3][-]{subsubsection.3.4.1}{Volumetric Rendering}{subsection.3.4}% 11
\BOOKMARK [3][-]{subsubsection.3.4.2}{Surface Reconstructions}{subsection.3.4}% 12
\BOOKMARK [2][-]{subsection.3.5}{Correspondence Methods}{section.3}% 13
\BOOKMARK [3][-]{subsubsection.3.5.1}{Contour Correspondence}{subsection.3.5}% 14
\BOOKMARK [3][-]{subsubsection.3.5.2}{Point Correspondence and Triangulation}{subsection.3.5}% 15
\BOOKMARK [3][-]{subsubsection.3.5.3}{Branching Problem}{subsection.3.5}% 16
\BOOKMARK [1][-]{section.4}{Method}{}% 17
\BOOKMARK [2][-]{subsection.4.1}{Proposal}{section.4}% 18
\BOOKMARK [3][-]{subsubsection.4.1.1}{Contour Splitting}{subsection.4.1}% 19
\BOOKMARK [3][-]{subsubsection.4.1.2}{Point Angle}{subsection.4.1}% 20
\BOOKMARK [2][-]{subsection.4.2}{Implementation}{section.4}% 21
\BOOKMARK [1][-]{section.5}{Analysis}{}% 22
\BOOKMARK [2][-]{subsection.5.1}{Ground Truth}{section.5}% 23
\BOOKMARK [2][-]{subsection.5.2}{Visual Results}{section.5}% 24
\BOOKMARK [2][-]{subsection.5.3}{Measurements}{section.5}% 25
\BOOKMARK [2][-]{subsection.5.4}{Summary}{section.5}% 26
\BOOKMARK [1][-]{section.6}{Conclusion}{}% 27
\BOOKMARK [1][-]{section.7}{Appendix}{}% 28
